<?xml version="1.0" encoding="UTF-8"?>
<!-- Generated by org.testng.reporters.JUnitReportReporter -->
<testsuite hostname="INLT360" failures="0" tests="2" name="qaclickacademy.Mavenjava.AppiumTest" time="0.017" errors="0" timestamp="2020-05-20T20:30:21 IST" skipped="0">
  <testcase classname="qaclickacademy.Mavenjava.AppiumTest" name="test5" time="0.015"/>
  <system-out/>
  <testcase classname="qaclickacademy.Mavenjava.AppiumTest" name="test6" time="0.002"/>
  <system-out/>
</testsuite> <!-- qaclickacademy.Mavenjava.AppiumTest -->
