<?xml version="1.0" encoding="UTF-8"?>
<!-- Generated by org.testng.reporters.JUnitReportReporter -->
<testsuite hostname="INLT360" failures="0" tests="2" name="qaclickacademy.Mavenjava.SeleniumTest" time="0.005" errors="0" timestamp="2020-05-20T20:30:21 IST" skipped="0">
  <testcase classname="qaclickacademy.Mavenjava.SeleniumTest" name="test1" time="0.003"/>
  <system-out/>
  <testcase classname="qaclickacademy.Mavenjava.SeleniumTest" name="test2" time="0.002"/>
  <system-out/>
</testsuite> <!-- qaclickacademy.Mavenjava.SeleniumTest -->
