<?xml version="1.0" encoding="UTF-8"?>
<!-- Generated by org.testng.reporters.JUnitReportReporter -->
<testsuite hostname="INLT360" failures="0" tests="2" name="qaclickacademy.Mavenjava.AppiumTest" time="0.007" errors="0" timestamp="2020-05-20T20:43:35 IST" skipped="0">
  <testcase classname="qaclickacademy.Mavenjava.AppiumTest" name="test6" time="0.001"/>
  <system-out/>
  <testcase classname="qaclickacademy.Mavenjava.AppiumTest" name="test5" time="0.006"/>
  <system-out/>
</testsuite> <!-- qaclickacademy.Mavenjava.AppiumTest -->
