<?xml version="1.0" encoding="UTF-8"?>
<!-- Generated by org.testng.reporters.JUnitReportReporter -->
<testsuite hostname="INLT360" failures="0" tests="2" name="qaclickacademy.Mavenjava.RestAPITest" time="0.006" errors="0" timestamp="2020-05-20T20:43:19 IST" skipped="0">
  <testcase classname="qaclickacademy.Mavenjava.RestAPITest" name="test3" time="0.005"/>
  <system-out/>
  <testcase classname="qaclickacademy.Mavenjava.RestAPITest" name="test4" time="0.001"/>
  <system-out/>
</testsuite> <!-- qaclickacademy.Mavenjava.RestAPITest -->
